printLn "hello"
s[0]=0
s[1]=0
s[2]=0
s[3]=0
s[4]=0
s[5]=0
s[6]=0
s[7]=0
s[8]=0
s[0]=s[8]
s[9]=0
s[10]=1
s[11]=1
s[1]=s[11]
s[12]=0
s[13]=2
s[14]=2
s[2]=s[14]
s[15]=1
s[16]=0
s[17]=3
s[3]=s[17]
s[18]=1
s[19]=1
s[20]=4
s[4]=s[20]
s[21]=1
s[22]=2
s[23]=5
s[5]=s[23]
printLn "m1: "
print "["
print s[0]
print ","
print s[1]
print ","
print s[2]
print ";"
print s[3]
print ","
print s[4]
print ","
print s[5]
printLn "]"
s[24]=0
s[25]=0
s[26]=0
s[27]=0
s[28]=0
s[29]=1
s[24]=s[29]
s[30]=1
s[31]=0
s[32]=2
s[25]=s[32]
s[33]=2
s[34]=0
s[35]=3
s[26]=s[35]
printLn "m2: "
print "["
print s[24]
print ";"
print s[25]
print ";"
print s[26]
printLn "]"
s[36]=0
s[37]=0
s[38]=0
s[39]=0
s[40]=s[0] * s[24]
s[38]=s[38] + s[40]
s[40]=s[1] * s[25]
s[38]=s[38] + s[40]
s[40]=s[2] * s[26]
s[38]=s[38] + s[40]
s[40]=s[3] * s[24]
s[39]=s[39] + s[40]
s[40]=s[4] * s[25]
s[39]=s[39] + s[40]
s[40]=s[5] * s[26]
s[39]=s[39] + s[40]
s[36]=s[38]
s[37]=s[39]
printLn "m3: "
print "["
print s[36]
print ";"
print s[37]
printLn "]"
s[41]=3
s[42]=s[41] * s[36]
s[43]=s[41] * s[37]
s[44]=s[42]
s[45]=s[43]
printLn "m4: "
print "["
print s[44]
print ";"
print s[45]
printLn "]"
s[46]=0
s[47]=0
s[48]=0
s[49]=0
s[50]=1
s[46]=s[50]
s[51]=1
s[52]=0
s[53]=1
s[47]=s[53]
s[54]=s[44] + s[46]
s[55]=s[45] + s[47]
s[56]=s[54]
s[57]=s[55]
printLn "m6: [1;1] + m4"
print "["
print s[56]
print ";"
print s[57]
printLn "]"
s[58]=s[44] - s[46]
s[59]=s[45] - s[47]
s[60]=s[58]
s[61]=s[59]
printLn "m7: m4 - [1;1]"
print "["
print s[60]
print ";"
print s[61]
printLn "]"
